# JRE version: Java(TM) SE Runtime Environment (21.0.2+13) (build 21.0.2+13-LTS-58)
# Java VM: Java HotSpot(TM) 64-Bit Server VM (21.0.2+13-LTS-58, mixed mode, sharing, tiered, compressed oops, compressed class ptrs, g1 gc, windows-amd64)
GC Precious Log:
 CardTable entry size: 512
 Card Set container configuration: InlinePtr #cards 5 size 8 Array Of Cards #cards 12 size 40 Howl #buckets 4 coarsen threshold 1843 Howl Bitmap #cards 512 size 80 coarsen threshold 460 Card regions per heap region 1 cards per card region 2048
 CPUs: 8 total, 8 available
 Memory: 16195M
 Large Page Support: Disabled
 NUMA Support: Disabled
 Compressed Oops: Enabled (32-bit)
 Heap Region Size: 1M
 Heap Min Capacity: 8M
 Heap Initial Capacity: 254M
 Heap Max Capacity: 1G
 Pre-touch: Disabled
 Parallel Workers: 8
 Concurrent Workers: 2
 Concurrent Refinement Workers: 8
 Periodic GC: Disabled
Heap:
 garbage-first heap   total 244736K, used 176040K [0x00000000c0000000, 0x0000000100000000)
  region size 1024K, 43 young (44032K), 5 survivors (5120K)
 Metaspace       used 95672K, committed 100992K, reserved 1179648K
  class space    used 13134K, committed 15488K, reserved 1048576K
GC Heap History (20 events):
Event: 250.158 GC heap before
{Heap before GC invocations=35 (full 0):
 garbage-first heap   total 199680K, used 180048K [0x00000000c0000000, 0x0000000100000000)
  region size 1024K, 66 young (67584K), 7 survivors (7168K)
 Metaspace       used 92954K, committed 95872K, reserved 1179648K
  class space    used 13348K, committed 14784K, reserved 1048576K
}
Event: 250.163 GC heap after
{Heap after GC invocations=36 (full 0):
 garbage-first heap   total 199680K, used 123355K [0x00000000c0000000, 0x0000000100000000)
  region size 1024K, 6 young (6144K), 6 survivors (6144K)
 Metaspace       used 92954K, committed 95872K, reserved 1179648K
  class space    used 13348K, committed 14784K, reserved 1048576K
}
Event: 263.574 GC heap before
{Heap before GC invocations=36 (full 0):
 garbage-first heap   total 199680K, used 162267K [0x00000000c0000000, 0x0000000100000000)
  region size 1024K, 46 young (47104K), 6 survivors (6144K)
 Metaspace       used 93438K, committed 96384K, reserved 1179648K
  class space    used 13362K, committed 14848K, reserved 1048576K
}
Event: 263.577 GC heap after
{Heap after GC invocations=37 (full 0):
 garbage-first heap   total 199680K, used 126733K [0x00000000c0000000, 0x0000000100000000)
  region size 1024K, 4 young (4096K), 4 survivors (4096K)
 Metaspace       used 93438K, committed 96384K, reserved 1179648K
  class space    used 13362K, committed 14848K, reserved 1048576K
}
Event: 263.985 GC heap before
{Heap before GC invocations=38 (full 0):
 garbage-first heap   total 225280K, used 185101K [0x00000000c0000000, 0x0000000100000000)
  region size 1024K, 60 young (61440K), 4 survivors (4096K)
 Metaspace       used 93731K, committed 96704K, reserved 1179648K
  class space    used 13367K, committed 14848K, reserved 1048576K
}
Event: 263.990 GC heap after
{Heap after GC invocations=39 (full 0):
 garbage-first heap   total 225280K, used 131072K [0x00000000c0000000, 0x0000000100000000)
  region size 1024K, 8 young (8192K), 8 survivors (8192K)
 Metaspace       used 93731K, committed 96704K, reserved 1179648K
  class space    used 13367K, committed 14848K, reserved 1048576K
}
Event: 293.269 GC heap before
{Heap before GC invocations=39 (full 0):
 garbage-first heap   total 225280K, used 203776K [0x00000000c0000000, 0x0000000100000000)
  region size 1024K, 79 young (80896K), 8 survivors (8192K)
 Metaspace       used 95197K, committed 98176K, reserved 1179648K
  class space    used 13504K, committed 14976K, reserved 1048576K
}
Event: 293.276 GC heap after
{Heap after GC invocations=40 (full 0):
 garbage-first heap   total 225280K, used 134693K [0x00000000c0000000, 0x0000000100000000)
  region size 1024K, 10 young (10240K), 10 survivors (10240K)
 Metaspace       used 95197K, committed 98176K, reserved 1179648K
  class space    used 13504K, committed 14976K, reserved 1048576K
}
Event: 298.632 GC heap before
{Heap before GC invocations=40 (full 0):
 garbage-first heap   total 225280K, used 202277K [0x00000000c0000000, 0x0000000100000000)
  region size 1024K, 77 young (78848K), 10 survivors (10240K)
 Metaspace       used 97690K, committed 100736K, reserved 1179648K
  class space    used 13803K, committed 15296K, reserved 1048576K
}
Event: 298.638 GC heap after
{Heap after GC invocations=41 (full 0):
 garbage-first heap   total 225280K, used 139100K [0x00000000c0000000, 0x0000000100000000)
  region size 1024K, 5 young (5120K), 5 survivors (5120K)
 Metaspace       used 97690K, committed 100736K, reserved 1179648K
  class space    used 13803K, committed 15296K, reserved 1048576K
}
Event: 299.072 GC heap before
{Heap before GC invocations=42 (full 0):
 garbage-first heap   total 242688K, used 205660K [0x00000000c0000000, 0x0000000100000000)
  region size 1024K, 71 young (72704K), 5 survivors (5120K)
 Metaspace       used 97962K, committed 100928K, reserved 1179648K
  class space    used 13804K, committed 15296K, reserved 1048576K
}
Event: 299.079 GC heap after
{Heap after GC invocations=43 (full 0):
 garbage-first heap   total 242688K, used 143552K [0x00000000c0000000, 0x0000000100000000)
  region size 1024K, 9 young (9216K), 9 survivors (9216K)
 Metaspace       used 97962K, committed 100928K, reserved 1179648K
  class space    used 13804K, committed 15296K, reserved 1048576K
}
Event: 1787.120 GC heap before
{Heap before GC invocations=43 (full 0):
 garbage-first heap   total 242688K, used 218304K [0x00000000c0000000, 0x0000000100000000)
  region size 1024K, 83 young (84992K), 9 survivors (9216K)
 Metaspace       used 98312K, committed 101312K, reserved 1179648K
  class space    used 13820K, committed 15296K, reserved 1048576K
}
Event: 1787.129 GC heap after
{Heap after GC invocations=44 (full 0):
 garbage-first heap   total 242688K, used 141482K [0x00000000c0000000, 0x0000000100000000)
  region size 1024K, 10 young (10240K), 10 survivors (10240K)
 Metaspace       used 98312K, committed 101312K, reserved 1179648K
  class space    used 13820K, committed 15296K, reserved 1048576K
}
Event: 1787.514 GC heap before
{Heap before GC invocations=44 (full 0):
 garbage-first heap   total 242688K, used 218282K [0x00000000c0000000, 0x0000000100000000)
  region size 1024K, 85 young (87040K), 10 survivors (10240K)
 Metaspace       used 99548K, committed 102592K, reserved 1179648K
  class space    used 13971K, committed 15488K, reserved 1048576K
}
Event: 1787.520 GC heap after
{Heap after GC invocations=45 (full 0):
 garbage-first heap   total 242688K, used 144218K [0x00000000c0000000, 0x0000000100000000)
  region size 1024K, 7 young (7168K), 7 survivors (7168K)
 Metaspace       used 99548K, committed 102592K, reserved 1179648K
  class space    used 13971K, committed 15488K, reserved 1048576K
}
Event: 1788.837 GC heap before
{Heap before GC invocations=46 (full 0):
 garbage-first heap   total 244736K, used 223066K [0x00000000c0000000, 0x0000000100000000)
  region size 1024K, 83 young (84992K), 7 survivors (7168K)
 Metaspace       used 93541K, committed 100928K, reserved 1179648K
  class space    used 12841K, committed 15488K, reserved 1048576K
}
Event: 1788.847 GC heap after
{Heap after GC invocations=47 (full 0):
 garbage-first heap   total 244736K, used 152690K [0x00000000c0000000, 0x0000000100000000)
  region size 1024K, 11 young (11264K), 11 survivors (11264K)
 Metaspace       used 93541K, committed 100928K, reserved 1179648K
  class space    used 12841K, committed 15488K, reserved 1048576K
}
Event: 1888.257 GC heap before
{Heap before GC invocations=47 (full 0):
 garbage-first heap   total 244736K, used 219250K [0x00000000c0000000, 0x0000000100000000)
  region size 1024K, 76 young (77824K), 11 survivors (11264K)
 Metaspace       used 95528K, committed 100992K, reserved 1179648K
  class space    used 13130K, committed 15488K, reserved 1048576K
}
Event: 1888.268 GC heap after
{Heap after GC invocations=48 (full 0):
 garbage-first heap   total 244736K, used 138152K [0x00000000c0000000, 0x0000000100000000)
  region size 1024K, 5 young (5120K), 5 survivors (5120K)
 Metaspace       used 95528K, committed 100992K, reserved 1179648K
  class space    used 13130K, committed 15488K, reserved 1048576K
}

